0 info it worked if it ends with ok
1 verbose cli [ '/usr/bin/nodejs', '/usr/bin/npm', 'install', 'cookie-Parser' ]
2 info using npm@2.15.9
3 info using node@v4.5.0
4 verbose install initial load of /home/moon/khuchat/package.json
5 verbose installManyTop reading scoped package data from /home/moon/khuchat/node_modules/express/package.json
6 verbose installManyTop reading scoped package data from /home/moon/khuchat/node_modules/redis/package.json
7 verbose installManyTop reading scoped package data from /home/moon/khuchat/node_modules/socket.io/package.json
8 verbose installManyTop reading scoped package data from /home/moon/khuchat/node_modules/socket.io-redis/package.json
9 verbose installManyTop reading scoped package data from /home/moon/khuchat/node_modules/underscore/package.json
10 verbose installManyTop reading scoped package data from /home/moon/khuchat/node_modules/validator/package.json
11 info package.json express@3.3.8 No license field.
12 info package.json socket.io-redis@0.1.4 No license field.
13 info package.json socket.io@1.3.7 No license field.
14 verbose readDependencies loading dependencies from /home/moon/khuchat/package.json
15 silly cache add args [ 'cookie-Parser', null ]
16 verbose cache add spec cookie-Parser
17 silly cache add parsed spec Result {
17 silly cache add   raw: 'cookie-Parser',
17 silly cache add   scope: null,
17 silly cache add   name: 'cookie-Parser',
17 silly cache add   rawSpec: '',
17 silly cache add   spec: 'latest',
17 silly cache add   type: 'tag' }
18 silly addNamed cookie-Parser@latest
19 verbose addNamed "latest" is being treated as a dist-tag for cookie-Parser
20 info addNameTag [ 'cookie-Parser', 'latest' ]
21 silly mapToRegistry name cookie-Parser
22 silly mapToRegistry using default registry
23 silly mapToRegistry registry https://registry.npmjs.org/
24 silly mapToRegistry data Result {
24 silly mapToRegistry   raw: 'cookie-Parser',
24 silly mapToRegistry   scope: null,
24 silly mapToRegistry   name: 'cookie-Parser',
24 silly mapToRegistry   rawSpec: '',
24 silly mapToRegistry   spec: 'latest',
24 silly mapToRegistry   type: 'tag' }
25 silly mapToRegistry uri https://registry.npmjs.org/cookie-Parser
26 verbose addNameTag registry:https://registry.npmjs.org/cookie-Parser not in flight; fetching
27 verbose request uri https://registry.npmjs.org/cookie-Parser
28 verbose request no auth needed
29 info attempt registry request try #1 at 17:29:39
30 verbose request id e44c5738562dbebd
31 http request GET https://registry.npmjs.org/cookie-Parser
32 http 404 https://registry.npmjs.org/cookie-Parser
33 verbose headers { 'content-type': 'application/json',
33 verbose headers   'cache-control': 'max-age=0',
33 verbose headers   'content-length': '2',
33 verbose headers   'accept-ranges': 'bytes',
33 verbose headers   date: 'Wed, 05 Oct 2016 08:29:40 GMT',
33 verbose headers   via: '1.1 varnish',
33 verbose headers   age: '0',
33 verbose headers   connection: 'keep-alive',
33 verbose headers   'x-served-by': 'cache-nrt6121-NRT',
33 verbose headers   'x-cache': 'MISS',
33 verbose headers   'x-cache-hits': '0',
33 verbose headers   'x-timer': 'S1475656180.049072,VS0,VE702',
33 verbose headers   vary: 'Accept-Encoding' }
34 silly get cb [ 404,
34 silly get   { 'content-type': 'application/json',
34 silly get     'cache-control': 'max-age=0',
34 silly get     'content-length': '2',
34 silly get     'accept-ranges': 'bytes',
34 silly get     date: 'Wed, 05 Oct 2016 08:29:40 GMT',
34 silly get     via: '1.1 varnish',
34 silly get     age: '0',
34 silly get     connection: 'keep-alive',
34 silly get     'x-served-by': 'cache-nrt6121-NRT',
34 silly get     'x-cache': 'MISS',
34 silly get     'x-cache-hits': '0',
34 silly get     'x-timer': 'S1475656180.049072,VS0,VE702',
34 silly get     vary: 'Accept-Encoding' } ]
35 verbose stack Error: Registry returned 404 for GET on https://registry.npmjs.org/cookie-Parser
35 verbose stack     at makeError (/usr/lib/node_modules/npm/node_modules/npm-registry-client/lib/request.js:264:12)
35 verbose stack     at CachingRegistryClient.<anonymous> (/usr/lib/node_modules/npm/node_modules/npm-registry-client/lib/request.js:242:14)
35 verbose stack     at Request._callback (/usr/lib/node_modules/npm/node_modules/npm-registry-client/lib/request.js:172:14)
35 verbose stack     at Request.self.callback (/usr/lib/node_modules/npm/node_modules/request/request.js:200:22)
35 verbose stack     at emitTwo (events.js:87:13)
35 verbose stack     at Request.emit (events.js:172:7)
35 verbose stack     at Request.<anonymous> (/usr/lib/node_modules/npm/node_modules/request/request.js:1067:10)
35 verbose stack     at emitOne (events.js:82:20)
35 verbose stack     at Request.emit (events.js:169:7)
35 verbose stack     at IncomingMessage.<anonymous> (/usr/lib/node_modules/npm/node_modules/request/request.js:988:12)
36 verbose statusCode 404
37 verbose pkgid cookie-Parser
38 verbose cwd /home/moon/khuchat
39 error Linux 4.4.0-31-generic
40 error argv "/usr/bin/nodejs" "/usr/bin/npm" "install" "cookie-Parser"
41 error node v4.5.0
42 error npm  v2.15.9
43 error code E404
44 error 404 Registry returned 404 for GET on https://registry.npmjs.org/cookie-Parser
44 error 404
44 error 404 'cookie-Parser' is not in the npm registry.
44 error 404 Your package name is not valid, because
44 error 404
44 error 404  1. name can no longer contain capital letters
44 error 404 It was specified as a dependency of 'simplechat'
44 error 404
44 error 404 Note that you can also install from a
44 error 404 tarball, folder, http url, or git url.
45 verbose exit [ 1, true ]
